[debug] [2026-04-14T06:51:19.597Z] ----------------------------------------------------------------------
[debug] [2026-04-14T06:51:19.599Z] Command:       C:\Program Files\nodejs\node.exe C:\Users\crist\AppData\Roaming\npm\node_modules\firebase-tools\lib\bin\firebase.js deploy --project quinielaapp-d8fed
[debug] [2026-04-14T06:51:19.599Z] CLI Version:   15.13.0
[debug] [2026-04-14T06:51:19.599Z] Platform:      win32
[debug] [2026-04-14T06:51:19.599Z] Node Version:  v24.12.0
[debug] [2026-04-14T06:51:19.599Z] Time:          Tue Apr 14 2026 00:51:19 GMT-0600 (hora estándar central)
[debug] [2026-04-14T06:51:19.599Z] ----------------------------------------------------------------------
[debug] 
[debug] [2026-04-14T06:51:20.623Z] > command requires scopes: ["email","openid","https://www.googleapis.com/auth/cloudplatformprojects.readonly","https://www.googleapis.com/auth/firebase","https://www.googleapis.com/auth/cloud-platform"]
[debug] [2026-04-14T06:51:20.623Z] > authorizing via signed-in user (cristian.lona.avalos@gmail.com)
[debug] [2026-04-14T06:51:20.623Z] [iam] checking project quinielaapp-d8fed for permissions ["cloudfunctions.functions.create","cloudfunctions.functions.delete","cloudfunctions.functions.get","cloudfunctions.functions.list","cloudfunctions.functions.update","cloudfunctions.operations.get","firebase.projects.get","firebasehosting.sites.update"]
[debug] [2026-04-14T06:51:20.624Z] Checked if tokens are valid: false, expires at: 1775643250391
[debug] [2026-04-14T06:51:20.624Z] Checked if tokens are valid: false, expires at: 1775643250391
[debug] [2026-04-14T06:51:20.624Z] > refreshing access token with scopes: []
[debug] [2026-04-14T06:51:20.625Z] >>> [apiv2][query] POST https://www.googleapis.com/oauth2/v3/token [none]
[debug] [2026-04-14T06:51:20.625Z] >>> [apiv2][body] POST https://www.googleapis.com/oauth2/v3/token [omitted]
[debug] [2026-04-14T06:51:20.811Z] <<< [apiv2][status] POST https://www.googleapis.com/oauth2/v3/token 200
[debug] [2026-04-14T06:51:20.811Z] <<< [apiv2][body] POST https://www.googleapis.com/oauth2/v3/token [omitted]
[debug] [2026-04-14T06:51:20.815Z] >>> [apiv2][query] POST https://cloudresourcemanager.googleapis.com/v1/projects/quinielaapp-d8fed:testIamPermissions [none]
[debug] [2026-04-14T06:51:20.815Z] >>> [apiv2][(partial)header] POST https://cloudresourcemanager.googleapis.com/v1/projects/quinielaapp-d8fed:testIamPermissions  x-goog-user-project=quinielaapp-d8fed
[debug] [2026-04-14T06:51:20.815Z] >>> [apiv2][body] POST https://cloudresourcemanager.googleapis.com/v1/projects/quinielaapp-d8fed:testIamPermissions {"permissions":["cloudfunctions.functions.create","cloudfunctions.functions.delete","cloudfunctions.functions.get","cloudfunctions.functions.list","cloudfunctions.functions.update","cloudfunctions.operations.get","firebase.projects.get","firebasehosting.sites.update"]}
[debug] [2026-04-14T06:51:21.184Z] <<< [apiv2][status] POST https://cloudresourcemanager.googleapis.com/v1/projects/quinielaapp-d8fed:testIamPermissions 200
[debug] [2026-04-14T06:51:21.184Z] <<< [apiv2][body] POST https://cloudresourcemanager.googleapis.com/v1/projects/quinielaapp-d8fed:testIamPermissions {"permissions":["cloudfunctions.functions.create","cloudfunctions.functions.delete","cloudfunctions.functions.get","cloudfunctions.functions.list","cloudfunctions.functions.update","cloudfunctions.operations.get","firebase.projects.get","firebasehosting.sites.update"]}
[debug] [2026-04-14T06:51:21.184Z] Checked if tokens are valid: true, expires at: 1776153079811
[debug] [2026-04-14T06:51:21.184Z] Checked if tokens are valid: true, expires at: 1776153079811
[debug] [2026-04-14T06:51:21.184Z] >>> [apiv2][query] POST https://iam.googleapis.com/v1/projects/quinielaapp-d8fed/serviceAccounts/quinielaapp-d8fed@appspot.gserviceaccount.com:testIamPermissions [none]
[debug] [2026-04-14T06:51:21.184Z] >>> [apiv2][body] POST https://iam.googleapis.com/v1/projects/quinielaapp-d8fed/serviceAccounts/quinielaapp-d8fed@appspot.gserviceaccount.com:testIamPermissions {"permissions":["iam.serviceAccounts.actAs"]}
[debug] [2026-04-14T06:51:21.583Z] <<< [apiv2][status] POST https://iam.googleapis.com/v1/projects/quinielaapp-d8fed/serviceAccounts/quinielaapp-d8fed@appspot.gserviceaccount.com:testIamPermissions 200
[debug] [2026-04-14T06:51:21.583Z] <<< [apiv2][body] POST https://iam.googleapis.com/v1/projects/quinielaapp-d8fed/serviceAccounts/quinielaapp-d8fed@appspot.gserviceaccount.com:testIamPermissions {"permissions":["iam.serviceAccounts.actAs"]}
[debug] [2026-04-14T06:51:21.583Z] Checked if tokens are valid: true, expires at: 1776153079811
[debug] [2026-04-14T06:51:21.583Z] Checked if tokens are valid: true, expires at: 1776153079811
[debug] [2026-04-14T06:51:21.583Z] >>> [apiv2][query] GET https://firebase.googleapis.com/v1beta1/projects/quinielaapp-d8fed [none]
[debug] [2026-04-14T06:51:21.936Z] <<< [apiv2][status] GET https://firebase.googleapis.com/v1beta1/projects/quinielaapp-d8fed 200
[debug] [2026-04-14T06:51:21.936Z] <<< [apiv2][body] GET https://firebase.googleapis.com/v1beta1/projects/quinielaapp-d8fed {"projectId":"quinielaapp-d8fed","projectNumber":"458382293784","displayName":"QuinielaApp","name":"projects/quinielaapp-d8fed","resources":{"hostingSite":"quinielaapp-d8fed"},"state":"ACTIVE","etag":"1_e13218b4-28a2-4cee-8bb7-9c5307643638"}
[info] 
[info] === Deploying to 'quinielaapp-d8fed'...
[info] 
[info] i  deploying functions, hosting 
[info] Running command: npm --prefix "$RESOURCE_DIR" run build
[info] +  functions: Finished running predeploy script. 
[debug] [2026-04-14T06:51:24.802Z] Checked if tokens are valid: true, expires at: 1776153079811
[debug] [2026-04-14T06:51:24.802Z] Checked if tokens are valid: true, expires at: 1776153079811
[debug] [2026-04-14T06:51:24.802Z] >>> [apiv2][query] GET https://cloudresourcemanager.googleapis.com/v1/projects/quinielaapp-d8fed [none]
[debug] [2026-04-14T06:51:24.917Z] <<< [apiv2][status] GET https://cloudresourcemanager.googleapis.com/v1/projects/quinielaapp-d8fed 200
[debug] [2026-04-14T06:51:24.917Z] <<< [apiv2][body] GET https://cloudresourcemanager.googleapis.com/v1/projects/quinielaapp-d8fed {"projectNumber":"458382293784","projectId":"quinielaapp-d8fed","lifecycleState":"ACTIVE","name":"QuinielaApp","labels":{"firebase":"enabled","firebase-core":"disabled"},"createTime":"2026-01-04T22:41:13.987010Z"}
[info] i  functions: preparing codebase default for deployment 
[info] i  functions: ensuring required API cloudfunctions.googleapis.com is enabled... 
[info] i  functions: ensuring required API cloudbuild.googleapis.com is enabled... 
[info] i  artifactregistry: ensuring required API artifactregistry.googleapis.com is enabled... 
[debug] [2026-04-14T06:51:24.919Z] Checked if tokens are valid: true, expires at: 1776153079811
[debug] [2026-04-14T06:51:24.919Z] Checked if tokens are valid: true, expires at: 1776153079811
[debug] [2026-04-14T06:51:24.919Z] >>> [apiv2][query] GET https://firebase.googleapis.com/v1beta1/projects/quinielaapp-d8fed/adminSdkConfig [none]
[debug] [2026-04-14T06:51:25.145Z] <<< [apiv2][status] GET https://firebase.googleapis.com/v1beta1/projects/quinielaapp-d8fed/adminSdkConfig 200
[debug] [2026-04-14T06:51:25.145Z] <<< [apiv2][body] GET https://firebase.googleapis.com/v1beta1/projects/quinielaapp-d8fed/adminSdkConfig {"projectId":"quinielaapp-d8fed","storageBucket":"quinielaapp-d8fed.firebasestorage.app"}
[debug] [2026-04-14T06:51:25.146Z] Checked if tokens are valid: true, expires at: 1776153079811
[debug] [2026-04-14T06:51:25.146Z] Checked if tokens are valid: true, expires at: 1776153079811
[debug] [2026-04-14T06:51:25.146Z] >>> [apiv2][query] GET https://runtimeconfig.googleapis.com/v1beta1/projects/quinielaapp-d8fed/configs [none]
[debug] [2026-04-14T06:51:25.515Z] <<< [apiv2][status] GET https://runtimeconfig.googleapis.com/v1beta1/projects/quinielaapp-d8fed/configs 200
[debug] [2026-04-14T06:51:25.515Z] <<< [apiv2][body] GET https://runtimeconfig.googleapis.com/v1beta1/projects/quinielaapp-d8fed/configs {}
[debug] [2026-04-14T06:51:25.516Z] Validating nodejs source
[warn] !  functions: package.json indicates an outdated version of firebase-functions. Please upgrade using npm install --save firebase-functions@latest in your functions directory. 
[debug] [2026-04-14T06:51:26.182Z] > [functions] package.json contents: {
  "name": "quiniela-backend",
  "version": "0.0.1",
  "main": "dist/firebase-entry.js",
  "engines": {
    "node": "22"
  },
  "description": "",
  "author": "",
  "private": true,
  "license": "UNLICENSED",
  "scripts": {
    "build": "nest build",
    "format": "prettier --write \"src/**/*.ts\" \"test/**/*.ts\"",
    "start": "nest start",
    "start:dev": "nest start --watch",
    "start:debug": "nest start --debug --watch",
    "start:prod": "node dist/main",
    "lint": "eslint \"{src,apps,libs,test}/**/*.ts\" --fix",
    "serve": "npm run build && firebase emulators:start --only functions",
    "shell": "npm run build && firebase functions:shell",
    "deploy": "firebase deploy --only functions"
  },
  "dependencies": {
    "@nestjs/axios": "^4.0.1",
    "@nestjs/common": "^10.0.0",
    "@nestjs/config": "^3.0.0",
    "@nestjs/core": "^10.0.0",
    "@nestjs/jwt": "^11.0.2",
    "@nestjs/platform-express": "^10.0.0",
    "@nestjs/platform-socket.io": "^10.4.22",
    "@nestjs/schedule": "^6.1.0",
    "@nestjs/throttler": "^6.5.0",
    "@nestjs/websockets": "^10.4.22",
    "axios": "^1.13.2",
    "bcrypt": "^6.0.0",
    "cheerio": "^1.2.0",
    "class-transformer": "^0.5.1",
    "class-validator": "^0.14.0",
    "firebase-admin": "^12.7.0",
    "firebase-functions": "^7.0.6",
    "reflect-metadata": "^0.1.13",
    "rxjs": "^7.8.1"
  },
  "devDependencies": {
    "@nestjs/cli": "^10.0.0",
    "@nestjs/schematics": "^10.0.0",
    "@nestjs/testing": "^10.0.0",
    "@types/bcrypt": "^6.0.0",
    "@types/express": "^4.17.17",
    "@types/jest": "^29.5.2",
    "@types/node": "^20.19.27",
    "@types/supertest": "^2.0.12",
    "@typescript-eslint/eslint-plugin": "^6.0.0",
    "@typescript-eslint/parser": "^6.0.0",
    "eslint": "^8.42.0",
    "eslint-config-prettier": "^9.0.0",
    "eslint-plugin-prettier": "^5.0.0",
    "prettier": "^3.0.0",
    "source-map-support": "^0.5.21",
    "supertest": "^6.3.3",
    "ts-jest": "^29.1.0",
    "ts-loader": "^9.4.3",
    "ts-node": "^10.9.1",
    "tsconfig-paths": "^4.2.0",
    "typescript": "^5.1.3"
  }
}
[debug] [2026-04-14T06:51:26.182Z] Building nodejs source
[info] i  functions: Loading and analyzing source code for codebase default to determine what to deploy 
[debug] [2026-04-14T06:51:26.183Z] Could not find functions.yaml. Must use http discovery
[debug] [2026-04-14T06:51:26.193Z] Found firebase-functions binary at 'C:\Users\crist\Desktop\Proyectos\quiniela-app\backend\node_modules\.bin\firebase-functions'
[info] Serving at port 8663

[info] [Nest] 30588  - 14/04/2026, 12:51:27 a.m.     LOG [NestFactory] Starting Nest application...

[debug] [2026-04-14T06:51:27.127Z] Got response from /__/functions.yaml {"endpoints":{"api":{"availableMemoryMb":null,"timeoutSeconds":null,"minInstances":null,"maxInstances":10,"ingressSettings":null,"concurrency":null,"serviceAccountEmail":null,"vpc":null,"platform":"gcfv2","labels":{},"httpsTrigger":{},"entryPoint":"api"}},"specVersion":"v1alpha1","requiredAPIs":[],"extensions":{}}
[info] [Nest] 30588  - 14/04/2026, 12:51:27 a.m.     LOG [InstanceLoader] AppModule dependencies initialized +12ms

[info] [Nest] 30588  - 14/04/2026, 12:51:27 a.m.     LOG [InstanceLoader] FirebaseModule dependencies initialized +0ms
[Nest] 30588  - 14/04/2026, 12:51:27 a.m.     LOG [InstanceLoader] EventsModule dependencies initialized +0ms
[Nest] 30588  - 14/04/2026, 12:51:27 a.m.     LOG [InstanceLoader] ThrottlerModule dependencies initialized +0ms
[Nest] 30588  - 14/04/2026, 12:51:27 a.m.     LOG [InstanceLoader] ConfigHostModule dependencies initialized +0ms
[Nest] 30588  - 14/04/2026, 12:51:27 a.m.     LOG [InstanceLoader] StandingsModule dependencies initialized +0ms
[Nest] 30588  - 14/04/2026, 12:51:27 a.m.     LOG [InstanceLoader] ScraperModule dependencies initialized +0ms
[Nest] 30588  - 14/04/2026, 12:51:27 a.m.     LOG [InstanceLoader] ConfigModule dependencies initialized +0ms
[Nest] 30588  - 14/04/2026, 12:51:27 a.m.     LOG [InstanceLoader] ConfigModule dependencies initialized +0ms

[info] [Nest] 30588  - 14/04/2026, 12:51:27 a.m.     LOG [InstanceLoader] WeeksModule dependencies initialized +0ms

[info] [Nest] 30588  - 14/04/2026, 12:51:27 a.m.     LOG [InstanceLoader] JwtModule dependencies initialized +1ms
[Nest] 30588  - 14/04/2026, 12:51:27 a.m.     LOG [InstanceLoader] PicksModule dependencies initialized +0ms

[info] [Nest] 30588  - 14/04/2026, 12:51:27 a.m.     LOG [InstanceLoader] AuthModule dependencies initialized +0ms

[info] [Nest] 30588  - 14/04/2026, 12:51:27 a.m.     LOG [EventsGateway] WebSocket Gateway initialized

[info] [Nest] 30588  - 14/04/2026, 12:51:27 a.m.     LOG [RoutesResolver] AuthController {/api/auth}: +1ms

[info] [Nest] 30588  - 14/04/2026, 12:51:27 a.m.     LOG [RouterExplorer] Mapped {/api/auth/login, POST} route +2ms

[info] [Nest] 30588  - 14/04/2026, 12:51:27 a.m.     LOG [RoutesResolver] WeeksController {/api/weeks}: +0ms

[info] [Nest] 30588  - 14/04/2026, 12:51:27 a.m.     LOG [RouterExplorer] Mapped {/api/weeks/parse, POST} route +0ms
[Nest] 30588  - 14/04/2026, 12:51:27 a.m.     LOG [RouterExplorer] Mapped {/api/weeks, POST} route +0ms

[info] [Nest] 30588  - 14/04/2026, 12:51:27 a.m.     LOG [RouterExplorer] Mapped {/api/weeks, GET} route +0ms
[Nest] 30588  - 14/04/2026, 12:51:27 a.m.     LOG [RouterExplorer] Mapped {/api/weeks/:id, GET} route +0ms

[info] [Nest] 30588  - 14/04/2026, 12:51:27 a.m.     LOG [RouterExplorer] Mapped {/api/weeks/:id/matches/:matchId, PATCH} route +0ms
[Nest] 30588  - 14/04/2026, 12:51:27 a.m.     LOG [RouterExplorer] Mapped {/api/weeks/:id/visibility, PATCH} route +1ms
[Nest] 30588  - 14/04/2026, 12:51:27 a.m.     LOG [RouterExplorer] Mapped {/api/weeks/:id, PATCH} route +0ms

[info] [Nest] 30588  - 14/04/2026, 12:51:27 a.m.     LOG [RouterExplorer] Mapped {/api/weeks/:id/matches, PATCH} route +0ms

[info] [Nest] 30588  - 14/04/2026, 12:51:27 a.m.     LOG [RouterExplorer] Mapped {/api/weeks/:id, DELETE} route +0ms
[Nest] 30588  - 14/04/2026, 12:51:27 a.m.     LOG [RoutesResolver] PicksController {/api/picks}: +0ms

[info] [Nest] 30588  - 14/04/2026, 12:51:27 a.m.     LOG [RouterExplorer] Mapped {/api/picks, POST} route +0ms
[Nest] 30588  - 14/04/2026, 12:51:27 a.m.     LOG [RouterExplorer] Mapped {/api/picks/admin, POST} route +0ms

[info] [Nest] 30588  - 14/04/2026, 12:51:27 a.m.     LOG [RouterExplorer] Mapped {/api/picks/week/:weekId, GET} route +0ms
[Nest] 30588  - 14/04/2026, 12:51:27 a.m.     LOG [RouterExplorer] Mapped {/api/picks/:id/payment, PATCH} route +0ms
[Nest] 30588  - 14/04/2026, 12:51:27 a.m.     LOG [RouterExplorer] Mapped {/api/picks/:id, PATCH} route +0ms
[Nest] 30588  - 14/04/2026, 12:51:27 a.m.     LOG [RouterExplorer] Mapped {/api/picks/:id, DELETE} route +0ms

[info] [Nest] 30588  - 14/04/2026, 12:51:27 a.m.     LOG [RoutesResolver] StandingsController {/api/standings}: +0ms
[Nest] 30588  - 14/04/2026, 12:51:27 a.m.     LOG [RouterExplorer] Mapped {/api/standings, GET} route +0ms
[Nest] 30588  - 14/04/2026, 12:51:27 a.m.     LOG [RoutesResolver] ScraperController {/api/scraper}: +0ms
[Nest] 30588  - 14/04/2026, 12:51:27 a.m.     LOG [RouterExplorer] Mapped {/api/scraper/matches, GET} route +0ms

[info] [Nest] 30588  - 14/04/2026, 12:51:27 a.m.     LOG [RouterExplorer] Mapped {/api/scraper/results, GET} route +0ms

[info] [Nest] 30588  - 14/04/2026, 12:51:27 a.m.    WARN [AuthService] Usando ADMIN_PASSWORD en texto plano. Para mayor seguridad, configura ADMIN_PASSWORD_HASH con:
ADMIN_PASSWORD_HASH=$2b$12$j7sWDMM48wFigjQSORWNmu7/u7nxe/J/tlsrXPM0OGHcl4LexSZfi

[info] Using Firebase Credentials from Local File

[info] Firebase Initialized Successfully

[info] [Nest] 30588  - 14/04/2026, 12:51:27 a.m.     LOG [NestApplication] Nest application successfully started +82ms

[info] i  extensions: ensuring required API firebaseextensions.googleapis.com is enabled... 
[debug] [2026-04-14T06:51:31.324Z] > command requires scopes: ["email","openid","https://www.googleapis.com/auth/cloudplatformprojects.readonly","https://www.googleapis.com/auth/firebase","https://www.googleapis.com/auth/cloud-platform"]
[debug] [2026-04-14T06:51:31.324Z] > authorizing via signed-in user (cristian.lona.avalos@gmail.com)
[debug] [2026-04-14T06:51:31.324Z] [iam] checking project quinielaapp-d8fed for permissions ["firebase.projects.get","firebaseextensions.instances.list"]
[debug] [2026-04-14T06:51:31.325Z] Checked if tokens are valid: true, expires at: 1776153079811
[debug] [2026-04-14T06:51:31.325Z] Checked if tokens are valid: true, expires at: 1776153079811
[debug] [2026-04-14T06:51:31.325Z] >>> [apiv2][query] POST https://cloudresourcemanager.googleapis.com/v1/projects/quinielaapp-d8fed:testIamPermissions [none]
[debug] [2026-04-14T06:51:31.325Z] >>> [apiv2][(partial)header] POST https://cloudresourcemanager.googleapis.com/v1/projects/quinielaapp-d8fed:testIamPermissions  x-goog-user-project=quinielaapp-d8fed
[debug] [2026-04-14T06:51:31.325Z] >>> [apiv2][body] POST https://cloudresourcemanager.googleapis.com/v1/projects/quinielaapp-d8fed:testIamPermissions {"permissions":["firebase.projects.get","firebaseextensions.instances.list"]}
[debug] [2026-04-14T06:51:31.669Z] <<< [apiv2][status] POST https://cloudresourcemanager.googleapis.com/v1/projects/quinielaapp-d8fed:testIamPermissions 200
[debug] [2026-04-14T06:51:31.669Z] <<< [apiv2][body] POST https://cloudresourcemanager.googleapis.com/v1/projects/quinielaapp-d8fed:testIamPermissions {"permissions":["firebase.projects.get","firebaseextensions.instances.list"]}
[debug] [2026-04-14T06:51:31.670Z] Checked if tokens are valid: true, expires at: 1776153079811
[debug] [2026-04-14T06:51:31.670Z] Checked if tokens are valid: true, expires at: 1776153079811
[debug] [2026-04-14T06:51:31.670Z] >>> [apiv2][query] GET https://firebaseextensions.googleapis.com/v1beta/projects/quinielaapp-d8fed/instances pageSize=100&pageToken=
[debug] [2026-04-14T06:51:32.155Z] <<< [apiv2][status] GET https://firebaseextensions.googleapis.com/v1beta/projects/quinielaapp-d8fed/instances 200
[debug] [2026-04-14T06:51:32.156Z] <<< [apiv2][body] GET https://firebaseextensions.googleapis.com/v1beta/projects/quinielaapp-d8fed/instances {}
[info] i  functions: Loaded environment variables from .env. 
[info] i  functions: preparing backend directory for uploading... 
[info] i  functions: packaged C:\Users\crist\Desktop\Proyectos\quiniela-app\backend (288.19 KB) for uploading 
[debug] [2026-04-14T06:51:32.251Z] Checked if tokens are valid: true, expires at: 1776153079811
[debug] [2026-04-14T06:51:32.251Z] Checked if tokens are valid: true, expires at: 1776153079811
[debug] [2026-04-14T06:51:32.251Z] >>> [apiv2][query] GET https://cloudfunctions.googleapis.com/v1/projects/quinielaapp-d8fed/locations/-/functions [none]
[debug] [2026-04-14T06:51:32.937Z] <<< [apiv2][status] GET https://cloudfunctions.googleapis.com/v1/projects/quinielaapp-d8fed/locations/-/functions 200
[debug] [2026-04-14T06:51:32.937Z] <<< [apiv2][body] GET https://cloudfunctions.googleapis.com/v1/projects/quinielaapp-d8fed/locations/-/functions {}
[debug] [2026-04-14T06:51:32.937Z] Checked if tokens are valid: true, expires at: 1776153079811
[debug] [2026-04-14T06:51:32.937Z] Checked if tokens are valid: true, expires at: 1776153079811
[debug] [2026-04-14T06:51:32.937Z] >>> [apiv2][query] GET https://cloudfunctions.googleapis.com/v2/projects/quinielaapp-d8fed/locations/-/functions filter=environment%3D%22GEN_2%22
[debug] [2026-04-14T06:51:33.325Z] <<< [apiv2][status] GET https://cloudfunctions.googleapis.com/v2/projects/quinielaapp-d8fed/locations/-/functions 200
[debug] [2026-04-14T06:51:33.325Z] <<< [apiv2][body] GET https://cloudfunctions.googleapis.com/v2/projects/quinielaapp-d8fed/locations/-/functions {"functions":[{"name":"projects/quinielaapp-d8fed/locations/us-central1/functions/api","buildConfig":{"build":"projects/458382293784/locations/us-central1/builds/0ece0aaa-8153-4447-a4a7-4d852c766746","runtime":"nodejs22","entryPoint":"api","source":{"storageSource":{"bucket":"gcf-v2-sources-458382293784-us-central1","object":"api/function-source.zip","generation":"1775638139549391"}},"environmentVariables":{"GOOGLE_NODE_RUN_SCRIPTS":""},"dockerRepository":"projects/quinielaapp-d8fed/locations/us-central1/repositories/gcf-artifacts","sourceProvenance":{"resolvedStorageSource":{"bucket":"gcf-v2-sources-458382293784-us-central1","object":"api/function-source.zip","generation":"1775638139549391"}},"dockerRegistry":"ARTIFACT_REGISTRY","serviceAccount":"projects/quinielaapp-d8fed/serviceAccounts/458382293784-compute@developer.gserviceaccount.com","automaticUpdatePolicy":{}},"serviceConfig":{"service":"projects/quinielaapp-d8fed/locations/us-central1/services/api","timeoutSeconds":60,"environmentVariables":{"VITE_ADMIN_PASSWORD":"nzxtfirebase","ADMIN_PASSWORD":"nzxtfirebase","ADMIN_EMAIL":"cristian.lonadev@gmail.com","FIREBASE_CONFIG":"{\"projectId\":\"quinielaapp-d8fed\",\"storageBucket\":\"quinielaapp-d8fed.firebasestorage.app\"}","GCLOUD_PROJECT":"quinielaapp-d8fed","EVENTARC_CLOUD_EVENT_SOURCE":"projects/quinielaapp-d8fed/locations/us-central1/services/api","FUNCTION_TARGET":"api","LOG_EXECUTION_ID":"true"},"maxInstanceCount":10,"ingressSettings":"ALLOW_ALL","uri":"https://api-uijrxsv2na-uc.a.run.app","serviceAccountEmail":"458382293784-compute@developer.gserviceaccount.com","availableMemory":"256Mi","allTrafficOnLatestRevision":true,"revision":"api-00012-vel","maxInstanceRequestConcurrency":80,"availableCpu":"1"},"state":"ACTIVE","updateTime":"2026-04-08T08:50:21.747916123Z","labels":{"deployment-tool":"cli-firebase","firebase-functions-hash":"1c8c19c339b63955d98c2df68b3f9a680b122a36"},"environment":"GEN_2","url":"https://us-central1-quinielaapp-d8fed.cloudfunctions.net/api","createTime":"2026-02-01T19:02:38.416896978Z","satisfiesPzi":true}]}
[info] i  functions: ensuring required API run.googleapis.com is enabled... 
[info] i  functions: ensuring required API eventarc.googleapis.com is enabled... 
[info] i  functions: ensuring required API pubsub.googleapis.com is enabled... 
[info] i  functions: ensuring required API storage.googleapis.com is enabled... 
[info] i  functions: generating the service identity for pubsub.googleapis.com... 
[debug] [2026-04-14T06:51:33.328Z] Checked if tokens are valid: true, expires at: 1776153079811
[debug] [2026-04-14T06:51:33.328Z] Checked if tokens are valid: true, expires at: 1776153079811
[info] i  functions: generating the service identity for eventarc.googleapis.com... 
[debug] [2026-04-14T06:51:33.328Z] Checked if tokens are valid: true, expires at: 1776153079811
[debug] [2026-04-14T06:51:33.328Z] Checked if tokens are valid: true, expires at: 1776153079811
[debug] [2026-04-14T06:51:33.328Z] >>> [apiv2][query] POST https://serviceusage.googleapis.com/v1beta1/projects/458382293784/services/pubsub.googleapis.com:generateServiceIdentity [none]
[debug] [2026-04-14T06:51:33.328Z] >>> [apiv2][(partial)header] POST https://serviceusage.googleapis.com/v1beta1/projects/458382293784/services/pubsub.googleapis.com:generateServiceIdentity  x-goog-user-project=458382293784
[debug] [2026-04-14T06:51:33.328Z] >>> [apiv2][body] POST https://serviceusage.googleapis.com/v1beta1/projects/458382293784/services/pubsub.googleapis.com:generateServiceIdentity {}
[debug] [2026-04-14T06:51:33.329Z] >>> [apiv2][query] POST https://serviceusage.googleapis.com/v1beta1/projects/458382293784/services/eventarc.googleapis.com:generateServiceIdentity [none]
[debug] [2026-04-14T06:51:33.329Z] >>> [apiv2][(partial)header] POST https://serviceusage.googleapis.com/v1beta1/projects/458382293784/services/eventarc.googleapis.com:generateServiceIdentity  x-goog-user-project=458382293784
[debug] [2026-04-14T06:51:33.329Z] >>> [apiv2][body] POST https://serviceusage.googleapis.com/v1beta1/projects/458382293784/services/eventarc.googleapis.com:generateServiceIdentity {}
[debug] [2026-04-14T06:51:33.914Z] <<< [apiv2][status] POST https://serviceusage.googleapis.com/v1beta1/projects/458382293784/services/eventarc.googleapis.com:generateServiceIdentity 200
[debug] [2026-04-14T06:51:33.914Z] <<< [apiv2][body] POST https://serviceusage.googleapis.com/v1beta1/projects/458382293784/services/eventarc.googleapis.com:generateServiceIdentity {"name":"operations/finished.DONE_OPERATION","done":true,"response":{"@type":"type.googleapis.com/google.api.serviceusage.v1beta1.ServiceIdentity","email":"service-458382293784@gcp-sa-eventarc.iam.gserviceaccount.com","uniqueId":"118166428098682091380"}}
[debug] [2026-04-14T06:51:34.006Z] <<< [apiv2][status] POST https://serviceusage.googleapis.com/v1beta1/projects/458382293784/services/pubsub.googleapis.com:generateServiceIdentity 200
[debug] [2026-04-14T06:51:34.007Z] <<< [apiv2][body] POST https://serviceusage.googleapis.com/v1beta1/projects/458382293784/services/pubsub.googleapis.com:generateServiceIdentity {"name":"operations/finished.DONE_OPERATION","done":true,"response":{"@type":"type.googleapis.com/google.api.serviceusage.v1beta1.ServiceIdentity","email":"service-458382293784@gcp-sa-pubsub.iam.gserviceaccount.com","uniqueId":"105057124312416925894"}}
[debug] [2026-04-14T06:51:34.008Z] Checked if tokens are valid: true, expires at: 1776153079811
[debug] [2026-04-14T06:51:34.008Z] Checked if tokens are valid: true, expires at: 1776153079811
[debug] [2026-04-14T06:51:34.008Z] >>> [apiv2][query] GET https://cloudresourcemanager.googleapis.com/v1/projects/quinielaapp-d8fed [none]
[debug] [2026-04-14T06:51:34.114Z] <<< [apiv2][status] GET https://cloudresourcemanager.googleapis.com/v1/projects/quinielaapp-d8fed 200
[debug] [2026-04-14T06:51:34.114Z] <<< [apiv2][body] GET https://cloudresourcemanager.googleapis.com/v1/projects/quinielaapp-d8fed {"projectNumber":"458382293784","projectId":"quinielaapp-d8fed","lifecycleState":"ACTIVE","name":"QuinielaApp","labels":{"firebase":"enabled","firebase-core":"disabled"},"createTime":"2026-01-04T22:41:13.987010Z"}
[debug] [2026-04-14T06:51:34.115Z] Checked if tokens are valid: true, expires at: 1776153079811
[debug] [2026-04-14T06:51:34.115Z] Checked if tokens are valid: true, expires at: 1776153079811
[debug] [2026-04-14T06:51:34.115Z] >>> [apiv2][query] GET https://compute.googleapis.com/compute/v1/projects/458382293784 [none]
[debug] [2026-04-14T06:51:34.543Z] <<< [apiv2][status] GET https://compute.googleapis.com/compute/v1/projects/458382293784 403
[debug] [2026-04-14T06:51:34.544Z] <<< [apiv2][body] GET https://compute.googleapis.com/compute/v1/projects/458382293784 {"error":{"code":403,"message":"Compute Engine API has not been used in project 458382293784 before or it is disabled. Enable it by visiting https://console.developers.google.com/apis/api/compute.googleapis.com/overview?project=458382293784 then retry. If you enabled this API recently, wait a few minutes for the action to propagate to our systems and retry.","errors":[{"message":"Compute Engine API has not been used in project 458382293784 before or it is disabled. Enable it by visiting https://console.developers.google.com/apis/api/compute.googleapis.com/overview?project=458382293784 then retry. If you enabled this API recently, wait a few minutes for the action to propagate to our systems and retry.","domain":"usageLimits","reason":"accessNotConfigured","extendedHelp":"https://console.developers.google.com"}],"status":"PERMISSION_DENIED","details":[{"@type":"type.googleapis.com/google.rpc.ErrorInfo","reason":"SERVICE_DISABLED","domain":"googleapis.com","metadata":{"containerInfo":"458382293784","activationUrl":"https://console.developers.google.com/apis/api/compute.googleapis.com/overview?project=458382293784","serviceTitle":"Compute Engine API","service":"compute.googleapis.com","consumer":"projects/458382293784"}},{"@type":"type.googleapis.com/google.rpc.LocalizedMessage","locale":"en-US","message":"Compute Engine API has not been used in project 458382293784 before or it is disabled. Enable it by visiting https://console.developers.google.com/apis/api/compute.googleapis.com/overview?project=458382293784 then retry. If you enabled this API recently, wait a few minutes for the action to propagate to our systems and retry."},{"@type":"type.googleapis.com/google.rpc.Help","links":[{"description":"Google developers console API activation","url":"https://console.developers.google.com/apis/api/compute.googleapis.com/overview?project=458382293784"}]}]}}
[debug] [2026-04-14T06:51:34.544Z] unable to look up default compute service account. Falling back to 458382293784-compute@developer.gserviceaccount.com. Error: {"name":"FirebaseError","children":[],"context":{"body":{"error":{"code":403,"message":"Compute Engine API has not been used in project 458382293784 before or it is disabled. Enable it by visiting https://console.developers.google.com/apis/api/compute.googleapis.com/overview?project=458382293784 then retry. If you enabled this API recently, wait a few minutes for the action to propagate to our systems and retry.","errors":[{"message":"Compute Engine API has not been used in project 458382293784 before or it is disabled. Enable it by visiting https://console.developers.google.com/apis/api/compute.googleapis.com/overview?project=458382293784 then retry. If you enabled this API recently, wait a few minutes for the action to propagate to our systems and retry.","domain":"usageLimits","reason":"accessNotConfigured","extendedHelp":"https://console.developers.google.com"}],"status":"PERMISSION_DENIED","details":[{"@type":"type.googleapis.com/google.rpc.ErrorInfo","reason":"SERVICE_DISABLED","domain":"googleapis.com","metadata":{"containerInfo":"458382293784","activationUrl":"https://console.developers.google.com/apis/api/compute.googleapis.com/overview?project=458382293784","serviceTitle":"Compute Engine API","service":"compute.googleapis.com","consumer":"projects/458382293784"}},{"@type":"type.googleapis.com/google.rpc.LocalizedMessage","locale":"en-US","message":"Compute Engine API has not been used in project 458382293784 before or it is disabled. Enable it by visiting https://console.developers.google.com/apis/api/compute.googleapis.com/overview?project=458382293784 then retry. If you enabled this API recently, wait a few minutes for the action to propagate to our systems and retry."},{"@type":"type.googleapis.com/google.rpc.Help","links":[{"description":"Google developers console API activation","url":"https://console.developers.google.com/apis/api/compute.googleapis.com/overview?project=458382293784"}]}]}},"response":{"statusCode":403}},"exit":1,"message":"Request to https://compute.googleapis.com/compute/v1/projects/458382293784 had HTTP Error: 403, Compute Engine API has not been used in project 458382293784 before or it is disabled. Enable it by visiting https://console.developers.google.com/apis/api/compute.googleapis.com/overview?project=458382293784 then retry. If you enabled this API recently, wait a few minutes for the action to propagate to our systems and retry.","status":403}
[debug] [2026-04-14T06:51:34.546Z] Checked if tokens are valid: true, expires at: 1776153079811
[debug] [2026-04-14T06:51:34.546Z] Checked if tokens are valid: true, expires at: 1776153079811
[debug] [2026-04-14T06:51:34.546Z] >>> [apiv2][query] POST https://firebasehosting.googleapis.com/v1beta1/projects/-/sites/quinielaapp-d8fed/versions [none]
[debug] [2026-04-14T06:51:34.546Z] >>> [apiv2][body] POST https://firebasehosting.googleapis.com/v1beta1/projects/-/sites/quinielaapp-d8fed/versions {"status":"CREATED","labels":{"deployment-tool":"cli-firebase"}}
[debug] [2026-04-14T06:51:35.831Z] <<< [apiv2][status] POST https://firebasehosting.googleapis.com/v1beta1/projects/-/sites/quinielaapp-d8fed/versions 200
[debug] [2026-04-14T06:51:35.831Z] <<< [apiv2][body] POST https://firebasehosting.googleapis.com/v1beta1/projects/-/sites/quinielaapp-d8fed/versions {"name":"projects/458382293784/sites/quinielaapp-d8fed/versions/77299ffdb6ad9bd4","status":"CREATED","config":{},"labels":{"deployment-tool":"cli-firebase"}}
[debug] [2026-04-14T06:51:35.832Z] Checked if tokens are valid: true, expires at: 1776153079811
[debug] [2026-04-14T06:51:35.832Z] Checked if tokens are valid: true, expires at: 1776153079811
[debug] [2026-04-14T06:51:35.832Z] >>> [apiv2][query] GET https://cloudbilling.googleapis.com/v1/projects/quinielaapp-d8fed/billingInfo [none]
[debug] [2026-04-14T06:51:36.076Z] <<< [apiv2][status] GET https://cloudbilling.googleapis.com/v1/projects/quinielaapp-d8fed/billingInfo 200
[debug] [2026-04-14T06:51:36.076Z] <<< [apiv2][body] GET https://cloudbilling.googleapis.com/v1/projects/quinielaapp-d8fed/billingInfo {"name":"projects/quinielaapp-d8fed/billingInfo","projectId":"quinielaapp-d8fed","billingAccountName":"billingAccounts/01E4C4-751885-1F0B69","billingEnabled":true}
[debug] [2026-04-14T06:51:36.078Z] Checked if tokens are valid: true, expires at: 1776153079811
[debug] [2026-04-14T06:51:36.078Z] Checked if tokens are valid: true, expires at: 1776153079811
[debug] [2026-04-14T06:51:36.078Z] >>> [apiv2][query] POST https://cloudfunctions.googleapis.com/v2/projects/quinielaapp-d8fed/locations/us-central1/functions:generateUploadUrl [none]
[debug] [2026-04-14T06:51:36.318Z] <<< [apiv2][status] POST https://cloudfunctions.googleapis.com/v2/projects/quinielaapp-d8fed/locations/us-central1/functions:generateUploadUrl 200
[debug] [2026-04-14T06:51:36.319Z] <<< [apiv2][body] POST https://cloudfunctions.googleapis.com/v2/projects/quinielaapp-d8fed/locations/us-central1/functions:generateUploadUrl {"uploadUrl":"https://storage.googleapis.com/gcf-v2-uploads-458382293784.us-central1.cloudfunctions.appspot.com/98169152-2256-4384-8fd9-e41e2d1630fc.zip?GoogleAccessId=service-458382293784@gcf-admin-robot.iam.gserviceaccount.com&Expires=1776151296&Signature=vjkhhK%2BUYrXymowmECpxoaYTqnqrTQYOZBC%2BAnMX%2B4l%2B2uOYCpLaFEBq7sTDc3vnhYOyzxmhZsYcmsnf6LCLlykSrDL1vZcVzjh3o6rnPLlKpFGHlNpF2ns%2BZSE2ahxJLdX6NkAcRxMqCgvvVzF3VTaqsLvkrfDHc7n2S5VUHQCOcFb6QC%2BiitOeONZ64Pz6fqwnkQWF5%2FQPCuA4WvHrWlPM46eUwenDx0Ed3sSKsgwGgkygPVva4N%2Bhjfjnix9324CP68joodtguodORliSjQNB3LelQPLeX38iG%2B92xaxqjjPNKuYU71DIJT98avBCY8wgxDgqnPO2OfCKm83HyQ%3D%3D","storageSource":{"bucket":"gcf-v2-uploads-458382293784.us-central1.cloudfunctions.appspot.com","object":"98169152-2256-4384-8fd9-e41e2d1630fc.zip"}}
[debug] [2026-04-14T06:51:36.319Z] >>> [apiv2][query] PUT https://storage.googleapis.com/gcf-v2-uploads-458382293784.us-central1.cloudfunctions.appspot.com/98169152-2256-4384-8fd9-e41e2d1630fc.zip GoogleAccessId=service-458382293784%40gcf-admin-robot.iam.gserviceaccount.com&Expires=1776151296&Signature=vjkhhK%2BUYrXymowmECpxoaYTqnqrTQYOZBC%2BAnMX%2B4l%2B2uOYCpLaFEBq7sTDc3vnhYOyzxmhZsYcmsnf6LCLlykSrDL1vZcVzjh3o6rnPLlKpFGHlNpF2ns%2BZSE2ahxJLdX6NkAcRxMqCgvvVzF3VTaqsLvkrfDHc7n2S5VUHQCOcFb6QC%2BiitOeONZ64Pz6fqwnkQWF5%2FQPCuA4WvHrWlPM46eUwenDx0Ed3sSKsgwGgkygPVva4N%2Bhjfjnix9324CP68joodtguodORliSjQNB3LelQPLeX38iG%2B92xaxqjjPNKuYU71DIJT98avBCY8wgxDgqnPO2OfCKm83HyQ%3D%3D
[debug] [2026-04-14T06:51:36.319Z] >>> [apiv2][body] PUT https://storage.googleapis.com/gcf-v2-uploads-458382293784.us-central1.cloudfunctions.appspot.com/98169152-2256-4384-8fd9-e41e2d1630fc.zip [stream]
[debug] [2026-04-14T06:51:36.779Z] <<< [apiv2][status] PUT https://storage.googleapis.com/gcf-v2-uploads-458382293784.us-central1.cloudfunctions.appspot.com/98169152-2256-4384-8fd9-e41e2d1630fc.zip 200
[debug] [2026-04-14T06:51:36.780Z] <<< [apiv2][body] PUT https://storage.googleapis.com/gcf-v2-uploads-458382293784.us-central1.cloudfunctions.appspot.com/98169152-2256-4384-8fd9-e41e2d1630fc.zip [omitted]
[info] +  functions: backend source uploaded successfully 
[info] i  hosting[quinielaapp-d8fed]: beginning deploy... 
[info] i  hosting[quinielaapp-d8fed]: found 46 files in frontend/dist 
[debug] [2026-04-14T06:51:36.790Z] [hosting] uploading with 200 concurrency
[debug] [2026-04-14T06:51:36.808Z] Checked if tokens are valid: true, expires at: 1776153079811
[debug] [2026-04-14T06:51:36.808Z] Checked if tokens are valid: true, expires at: 1776153079811
[debug] [2026-04-14T06:51:36.809Z] [hosting] hash cache [ZnJvbnRlbmRcZGlzdA] stored for 46 files
[debug] [2026-04-14T06:51:36.809Z] [hosting][hash queue][FINAL] {"max":13,"min":0,"avg":0.8043478260869565,"active":0,"complete":46,"success":46,"errored":0,"retried":0,"total":46,"elapsed":17}
[debug] [2026-04-14T06:51:36.809Z] >>> [apiv2][query] POST https://firebasehosting.googleapis.com/v1beta1/projects/458382293784/sites/quinielaapp-d8fed/versions/77299ffdb6ad9bd4:populateFiles [none]
[debug] [2026-04-14T06:51:36.809Z] >>> [apiv2][body] POST https://firebasehosting.googleapis.com/v1beta1/projects/458382293784/sites/quinielaapp-d8fed/versions/77299ffdb6ad9bd4:populateFiles {"files":{"/Logo.svg":"1ba33238e3d4dfdb428b7a7e200f2f147b5d936efa4aea579ce941f738708eda","/teams/xolos.png":"563d69c6f640178496fa1555be92109f61b9d1193c46fdbba68a96f64c1b8aa9","/teams/wolverhampton.png":"7d17671fccaad7f0b0eb538feacfea3c01268e9cca14b3a456ae76cf8a48502d","/teams/west-ham-united.png":"5dd516751d94ebb12e91b6331f43553466d4e525f86cc26bdfcbe03634f4e4ca","/teams/tottenham.png":"ee30abc0956fac4283c359cdd3ffd7f6b1775b20f9e3f7a2bd5119977601445d","/teams/toluca.png":"4b5e831d24616ef62d65b5e2d59ca147c0b5a006a3b4e164be8147d0b74fa07d","/teams/tigres.png":"25013191be34b1283b461a66915062be71740a9d93bf3869fcffe15d6aa50540","/teams/sunderland.png":"2782d7db5c2804a197bd1abde16fee7ee0c7e6d356f72e94aab052d6ed3984bf","/teams/santos.png":"2cc33306400c688f51c0f5cea54fac5bb71ba8df0ad49c85ef0a251fceb39d10","/teams/sanluis.png":"9dd1ec25b3a532cb56bc4c1cf5f3ab884ded7f78fafed946bc4840f7eab606f1","/teams/queretaro.png":"2edae7834da08b8ce8678778733b447819aaed86fc7f67675c7ef38a0721a00e","/teams/pumas.png":"adad4a6c1473ed336e886e641beb25ccc29d4330b34bedc90c43cc66db4970f1","/teams/puebla.png":"5d81971fe5444fea3f38150b9188d6a87d3d79737f419a473979282cd2dbda87","/teams/pachuca.png":"5ca5e6e44086398b7e87079d845153fb1e1060425261217eac6c8cf4431c6040","/teams/nottingham-forest.png":"2ce40ae5566151de62d6dfa0408c9ab2e63a71a70877850c9523efc1303c8dab","/teams/newcastle.png":"996bce0f271c4ae9ca7ec362902683007a735cfb6fdaedca79415eb2b0ec9335","/teams/necaxa.png":"1c3daeb7b50601c68a3390b7c227350f3be16187999c376c424500f2170208ca","/teams/monterrey.png":"0f313ae9a265c4184adbaf71be309b9164f20f5af6b9fb1d80f8f439594eefbf","/teams/mazatlan.png":"be3369741ea98e7274a0603bf7b6722f217857f2950a692f752136f11d7bbe38","/teams/manchester-united.png":"b2ad12b758f505be792701f643c55445d448846d377d8aae2952492cd355a48d","/teams/manchester-city.png":"ad573dbf03e1d58f4af0b0c0fabe85c058fd064bc7675bca2ad11815d6236bbe","/teams/liverpool.png":"8be42cda0a066cca1d40a045ec7959eed769b0765ce61772e5b3bce87db8518a","/teams/leon.png":"f1d43477ccbbb09df7f6279317b5e9636d4ae4f0144f27412d2edd146e808a5c","/teams/leeds-united.png":"15f51b2bd6ac020bf6f67949e3bbe3901e65c69f56ef9e99a5f0dd039c40a441","/teams/juarez.png":"047f346b9ec71c8a24a06e7b0447247748c45f754dfb32bddf1c19d6bfdee232","/teams/fulham.png":"1ac7c0498afa55d3360eedd1d3ff5a22d4732cde41634d5a97ddf17cc2a3228c","/teams/everton.png":"4b83c42ba411b1ad8631570731085c2ebd97d2bebc93074b01deb19315b382f9","/teams/crystal-palace.png":"267ba04dbddd1257541ed0ec2c7bc730b9fdaca129a4ad17fffb5a31f3415e92","/teams/cruzazul.png":"9070f1d7a6cd502f08e3d149900bf517786ba7e2fb82570fd810ebb93660e324","/teams/chivas.png":"91a6059f6dcd67212b3c803a8185c1b7d3d84f1eee3299cccd5b23f57d58980d","/teams/chelsea.png":"4dc395d8fa796c3379f49a775e0a491f7b8a85554bba3d63f34fc33962e4652b","/teams/burnley.png":"81b52c3dd272af6bca138eaabcb24312b0acb6e2ee412b4f188ec410dbb41256","/teams/brighton.png":"bd7fcaa7745c299db6ef3a30ec886fefcbd2f5486b44e40d2c2cec570f3abd90","/teams/brentford.png":"df2865b5ad54bddec77bb085bfafefe5d2881c01206753f6c035a114a165b61a","/teams/bournemouth.png":"015176d2b3b75af064187884ef54f05da7302d741ece4dfbe7c162f326e564f5","/teams/atlas.png":"cbef766f5a45c2133c9102af22dcf0f381700a17cf90f5ffc40f19c340625eda","/teams/aston-villa.png":"2f4a2bb36377943a2798f16b806484fea23a8732365711b0a1474545b6da2be7","/teams/arsenal.png":"3c367562a0c4e49a1c4a84f767ea53d5e20a7bc25c76838ec9453a2cadf58955","/teams/america.png":"112b8bf0d41d56fab6ac9e69ec3e3b0f7510ee89f96ce8ffdaad9a56a06efc8e","/sw.js":"c1c7706535b879a6c90d3611a31182bee3d2beba8180ae03b7c3e05cc3c44980","/registerSW.js":"09e15d1438017c065a3281739cb5506aeaf7b3047bc3ada992da01d4497c2d43","/manifest.webmanifest":"422a6165d451c6784fe4278f2666faa4847e4024beb6807f316b485af454714d","/index.html":"21aaf9fa6f9efc3c19063919bb64c2c28fda8bb4bd1b1c93820ca5d19a68598d","/workbox-8c29f6e4.js":"e6bbac10a436d0fc8e8d14a3e7e59223173b23235e990cb3b8d0e71003f4da09","/assets/index-BsQHeELV.css":"e8a7a0223013f1e6d096e7f4e0818d14e8ffb5e886f4ec8507d7e1af8eb4ea46","/assets/index-Bn82KkNI.js":"aff53dd477f11b09deaea4dd98f4c9bcfc4bc6187b55717796d90d804846a719"}}
[debug] [2026-04-14T06:51:37.497Z] <<< [apiv2][status] POST https://firebasehosting.googleapis.com/v1beta1/projects/458382293784/sites/quinielaapp-d8fed/versions/77299ffdb6ad9bd4:populateFiles 200
[debug] [2026-04-14T06:51:37.497Z] <<< [apiv2][body] POST https://firebasehosting.googleapis.com/v1beta1/projects/458382293784/sites/quinielaapp-d8fed/versions/77299ffdb6ad9bd4:populateFiles {"uploadRequiredHashes":["c1c7706535b879a6c90d3611a31182bee3d2beba8180ae03b7c3e05cc3c44980","aff53dd477f11b09deaea4dd98f4c9bcfc4bc6187b55717796d90d804846a719","21aaf9fa6f9efc3c19063919bb64c2c28fda8bb4bd1b1c93820ca5d19a68598d"],"uploadUrl":"https://upload-firebasehosting.googleapis.com/upload/sites/quinielaapp-d8fed/versions/77299ffdb6ad9bd4/files"}
[debug] [2026-04-14T06:51:37.498Z] Checked if tokens are valid: true, expires at: 1776153079811
[debug] [2026-04-14T06:51:37.498Z] Checked if tokens are valid: true, expires at: 1776153079811
[debug] [2026-04-14T06:51:37.498Z] Checked if tokens are valid: true, expires at: 1776153079811
[debug] [2026-04-14T06:51:37.498Z] Checked if tokens are valid: true, expires at: 1776153079811
[debug] [2026-04-14T06:51:37.498Z] Checked if tokens are valid: true, expires at: 1776153079811
[debug] [2026-04-14T06:51:37.498Z] Checked if tokens are valid: true, expires at: 1776153079811
[debug] [2026-04-14T06:51:37.498Z] >>> [apiv2][query] POST https://upload-firebasehosting.googleapis.com/upload/sites/quinielaapp-d8fed/versions/77299ffdb6ad9bd4/files/c1c7706535b879a6c90d3611a31182bee3d2beba8180ae03b7c3e05cc3c44980 [none]
[debug] [2026-04-14T06:51:37.498Z] >>> [apiv2][body] POST https://upload-firebasehosting.googleapis.com/upload/sites/quinielaapp-d8fed/versions/77299ffdb6ad9bd4/files/c1c7706535b879a6c90d3611a31182bee3d2beba8180ae03b7c3e05cc3c44980 [stream]
[debug] [2026-04-14T06:51:37.499Z] >>> [apiv2][query] POST https://upload-firebasehosting.googleapis.com/upload/sites/quinielaapp-d8fed/versions/77299ffdb6ad9bd4/files/aff53dd477f11b09deaea4dd98f4c9bcfc4bc6187b55717796d90d804846a719 [none]
[debug] [2026-04-14T06:51:37.499Z] >>> [apiv2][body] POST https://upload-firebasehosting.googleapis.com/upload/sites/quinielaapp-d8fed/versions/77299ffdb6ad9bd4/files/aff53dd477f11b09deaea4dd98f4c9bcfc4bc6187b55717796d90d804846a719 [stream]
[debug] [2026-04-14T06:51:37.499Z] >>> [apiv2][query] POST https://upload-firebasehosting.googleapis.com/upload/sites/quinielaapp-d8fed/versions/77299ffdb6ad9bd4/files/21aaf9fa6f9efc3c19063919bb64c2c28fda8bb4bd1b1c93820ca5d19a68598d [none]
[debug] [2026-04-14T06:51:37.499Z] >>> [apiv2][body] POST https://upload-firebasehosting.googleapis.com/upload/sites/quinielaapp-d8fed/versions/77299ffdb6ad9bd4/files/21aaf9fa6f9efc3c19063919bb64c2c28fda8bb4bd1b1c93820ca5d19a68598d [stream]
[debug] [2026-04-14T06:51:37.500Z] [hosting][populate queue][FINAL] {"max":690,"min":690,"avg":690,"active":0,"complete":1,"success":1,"errored":0,"retried":0,"total":1,"elapsed":692}
[debug] [2026-04-14T06:51:37.500Z] [hosting] uploads queued: 3
[debug] [2026-04-14T06:51:38.255Z] <<< [apiv2][status] POST https://upload-firebasehosting.googleapis.com/upload/sites/quinielaapp-d8fed/versions/77299ffdb6ad9bd4/files/c1c7706535b879a6c90d3611a31182bee3d2beba8180ae03b7c3e05cc3c44980 200
[debug] [2026-04-14T06:51:38.255Z] <<< [apiv2][body] POST https://upload-firebasehosting.googleapis.com/upload/sites/quinielaapp-d8fed/versions/77299ffdb6ad9bd4/files/c1c7706535b879a6c90d3611a31182bee3d2beba8180ae03b7c3e05cc3c44980 [stream]
[debug] [2026-04-14T06:51:38.300Z] <<< [apiv2][status] POST https://upload-firebasehosting.googleapis.com/upload/sites/quinielaapp-d8fed/versions/77299ffdb6ad9bd4/files/21aaf9fa6f9efc3c19063919bb64c2c28fda8bb4bd1b1c93820ca5d19a68598d 200
[debug] [2026-04-14T06:51:38.300Z] <<< [apiv2][body] POST https://upload-firebasehosting.googleapis.com/upload/sites/quinielaapp-d8fed/versions/77299ffdb6ad9bd4/files/21aaf9fa6f9efc3c19063919bb64c2c28fda8bb4bd1b1c93820ca5d19a68598d [stream]
[debug] [2026-04-14T06:51:38.384Z] <<< [apiv2][status] POST https://upload-firebasehosting.googleapis.com/upload/sites/quinielaapp-d8fed/versions/77299ffdb6ad9bd4/files/aff53dd477f11b09deaea4dd98f4c9bcfc4bc6187b55717796d90d804846a719 200
[debug] [2026-04-14T06:51:38.384Z] <<< [apiv2][body] POST https://upload-firebasehosting.googleapis.com/upload/sites/quinielaapp-d8fed/versions/77299ffdb6ad9bd4/files/aff53dd477f11b09deaea4dd98f4c9bcfc4bc6187b55717796d90d804846a719 [stream]
[debug] [2026-04-14T06:51:38.385Z] [hosting][upload queue][FINAL] {"max":886,"min":758,"avg":815.3333333333334,"active":0,"complete":3,"success":3,"errored":0,"retried":0,"total":3,"elapsed":888}
[info] +  hosting[quinielaapp-d8fed]: file upload complete 
[debug] [2026-04-14T06:51:38.385Z] [hosting] deploy completed after 1604ms
[info] i  functions: updating Node.js 22 (2nd Gen) function api(us-central1)... 
[debug] [2026-04-14T06:51:38.387Z] Checked if tokens are valid: true, expires at: 1776153079811
[debug] [2026-04-14T06:51:38.387Z] Checked if tokens are valid: true, expires at: 1776153079811
[debug] [2026-04-14T06:51:38.388Z] >>> [apiv2][query] PATCH https://cloudfunctions.googleapis.com/v2/projects/quinielaapp-d8fed/locations/us-central1/functions/api updateMask=name%2CbuildConfig.runtime%2CbuildConfig.entryPoint%2CbuildConfig.source.storageSource.bucket%2CbuildConfig.source.storageSource.object%2CbuildConfig.environmentVariables%2CbuildConfig.sourceToken%2CserviceConfig.environmentVariables%2CserviceConfig.ingressSettings%2CserviceConfig.timeoutSeconds%2CserviceConfig.serviceAccountEmail%2CserviceConfig.availableMemory%2CserviceConfig.minInstanceCount%2CserviceConfig.maxInstanceCount%2CserviceConfig.maxInstanceRequestConcurrency%2CserviceConfig.availableCpu%2CserviceConfig.vpcConnector%2CserviceConfig.vpcConnectorEgressSettings%2CserviceConfig.directVpcNetworkInterface%2CserviceConfig.directVpcEgress%2Clabels
[debug] [2026-04-14T06:51:38.388Z] >>> [apiv2][body] PATCH https://cloudfunctions.googleapis.com/v2/projects/quinielaapp-d8fed/locations/us-central1/functions/api {"name":"projects/quinielaapp-d8fed/locations/us-central1/functions/api","buildConfig":{"runtime":"nodejs22","entryPoint":"api","source":{"storageSource":{"bucket":"gcf-v2-uploads-458382293784.us-central1.cloudfunctions.appspot.com","object":"98169152-2256-4384-8fd9-e41e2d1630fc.zip"}},"environmentVariables":{"GOOGLE_NODE_RUN_SCRIPTS":""}},"serviceConfig":{"environmentVariables":{"JWT_SECRET":"CHANGE_ME_TO_A_SECURE_RANDOM_STRING","ADMIN_PASSWORD":"nzxtfirebase","ADMIN_EMAIL":"cristian.lonadev@gmail.com","FIREBASE_CONFIG":"{\"projectId\":\"quinielaapp-d8fed\",\"storageBucket\":\"quinielaapp-d8fed.firebasestorage.app\"}","GCLOUD_PROJECT":"quinielaapp-d8fed","EVENTARC_CLOUD_EVENT_SOURCE":"projects/quinielaapp-d8fed/locations/us-central1/services/api","FUNCTION_TARGET":"api","LOG_EXECUTION_ID":"true"},"ingressSettings":null,"timeoutSeconds":null,"serviceAccountEmail":null,"availableMemory":"256Mi","minInstanceCount":null,"maxInstanceCount":10,"maxInstanceRequestConcurrency":80,"availableCpu":"1","vpcConnector":null,"vpcConnectorEgressSettings":null,"directVpcNetworkInterface":null,"directVpcEgress":null},"labels":{"deployment-tool":"cli-firebase","firebase-functions-hash":"21432115bc826ba242a2838af98ff6f2e473478e"}}
[debug] [2026-04-14T06:51:39.525Z] <<< [apiv2][status] PATCH https://cloudfunctions.googleapis.com/v2/projects/quinielaapp-d8fed/locations/us-central1/functions/api 200
[debug] [2026-04-14T06:51:39.526Z] <<< [apiv2][body] PATCH https://cloudfunctions.googleapis.com/v2/projects/quinielaapp-d8fed/locations/us-central1/functions/api {"name":"projects/quinielaapp-d8fed/locations/us-central1/operations/operation-1776149498955-64f6607f40552-29b1fe52-6e8d44b7","metadata":{"@type":"type.googleapis.com/google.cloud.functions.v2.OperationMetadata","createTime":"2026-04-14T06:51:39.890321274Z","target":"projects/quinielaapp-d8fed/locations/us-central1/functions/api","verb":"update","cancelRequested":false,"apiVersion":"v2"},"done":false}
[debug] [2026-04-14T06:51:39.526Z] Checked if tokens are valid: true, expires at: 1776153079811
[debug] [2026-04-14T06:51:39.526Z] Checked if tokens are valid: true, expires at: 1776153079811
[debug] [2026-04-14T06:51:39.526Z] >>> [apiv2][query] GET https://cloudfunctions.googleapis.com/v2/projects/quinielaapp-d8fed/locations/us-central1/operations/operation-1776149498955-64f6607f40552-29b1fe52-6e8d44b7 [none]
[debug] [2026-04-14T06:51:39.693Z] <<< [apiv2][status] GET https://cloudfunctions.googleapis.com/v2/projects/quinielaapp-d8fed/locations/us-central1/operations/operation-1776149498955-64f6607f40552-29b1fe52-6e8d44b7 200
[debug] [2026-04-14T06:51:39.693Z] <<< [apiv2][body] GET https://cloudfunctions.googleapis.com/v2/projects/quinielaapp-d8fed/locations/us-central1/operations/operation-1776149498955-64f6607f40552-29b1fe52-6e8d44b7 {"name":"projects/quinielaapp-d8fed/locations/us-central1/operations/operation-1776149498955-64f6607f40552-29b1fe52-6e8d44b7","metadata":{"@type":"type.googleapis.com/google.cloud.functions.v2.OperationMetadata","createTime":"2026-04-14T06:51:39.890321274Z","target":"projects/quinielaapp-d8fed/locations/us-central1/functions/api","verb":"update","cancelRequested":false,"apiVersion":"v2","requestResource":{"@type":"type.googleapis.com/google.cloud.functions.v2.Function","name":"projects/quinielaapp-d8fed/locations/us-central1/functions/api","buildConfig":{"runtime":"nodejs22","entryPoint":"api","source":{"storageSource":{"bucket":"gcf-v2-sources-458382293784-us-central1","object":"api/function-source.zip","generation":"1776149499793439"}},"environmentVariables":{"GOOGLE_NODE_RUN_SCRIPTS":""},"dockerRepository":"projects/quinielaapp-d8fed/locations/us-central1/repositories/gcf-artifacts","sourceProvenance":{"resolvedStorageSource":{"bucket":"gcf-v2-sources-458382293784-us-central1","object":"api/function-source.zip","generation":"1775638139549391"}},"dockerRegistry":"ARTIFACT_REGISTRY","serviceAccount":"projects/quinielaapp-d8fed/serviceAccounts/458382293784-compute@developer.gserviceaccount.com","automaticUpdatePolicy":{}},"serviceConfig":{"service":"projects/quinielaapp-d8fed/locations/us-central1/services/api","timeoutSeconds":60,"environmentVariables":{"JWT_SECRET":"CHANGE_ME_TO_A_SECURE_RANDOM_STRING","ADMIN_PASSWORD":"nzxtfirebase","ADMIN_EMAIL":"cristian.lonadev@gmail.com","FIREBASE_CONFIG":"{\"projectId\":\"quinielaapp-d8fed\",\"storageBucket\":\"quinielaapp-d8fed.firebasestorage.app\"}","GCLOUD_PROJECT":"quinielaapp-d8fed","EVENTARC_CLOUD_EVENT_SOURCE":"projects/quinielaapp-d8fed/locations/us-central1/services/api","FUNCTION_TARGET":"api","LOG_EXECUTION_ID":"true"},"maxInstanceCount":10,"ingressSettings":"ALLOW_ALL","uri":"https://api-uijrxsv2na-uc.a.run.app","serviceAccountEmail":"458382293784-compute@developer.gserviceaccount.com","availableMemory":"256Mi","allTrafficOnLatestRevision":true,"revision":"api-00012-vel","maxInstanceRequestConcurrency":80,"availableCpu":"1"},"state":"ACTIVE","labels":{"deployment-tool":"cli-firebase","firebase-functions-hash":"21432115bc826ba242a2838af98ff6f2e473478e"},"environment":"GEN_2","url":"https://us-central1-quinielaapp-d8fed.cloudfunctions.net/api","satisfiesPzi":true},"stages":[{"name":"BUILD","state":"NOT_STARTED"},{"name":"SERVICE","state":"NOT_STARTED"}],"operationType":"UPDATE_FUNCTION"},"done":false}
[debug] [2026-04-14T06:51:40.204Z] [update-default-us-central1-api] Retrying task index 0
[debug] [2026-04-14T06:51:40.204Z] Checked if tokens are valid: true, expires at: 1776153079811
[debug] [2026-04-14T06:51:40.204Z] Checked if tokens are valid: true, expires at: 1776153079811
[debug] [2026-04-14T06:51:40.205Z] >>> [apiv2][query] GET https://cloudfunctions.googleapis.com/v2/projects/quinielaapp-d8fed/locations/us-central1/operations/operation-1776149498955-64f6607f40552-29b1fe52-6e8d44b7 [none]
[debug] [2026-04-14T06:51:40.364Z] <<< [apiv2][status] GET https://cloudfunctions.googleapis.com/v2/projects/quinielaapp-d8fed/locations/us-central1/operations/operation-1776149498955-64f6607f40552-29b1fe52-6e8d44b7 200
[debug] [2026-04-14T06:51:40.364Z] <<< [apiv2][body] GET https://cloudfunctions.googleapis.com/v2/projects/quinielaapp-d8fed/locations/us-central1/operations/operation-1776149498955-64f6607f40552-29b1fe52-6e8d44b7 {"name":"projects/quinielaapp-d8fed/locations/us-central1/operations/operation-1776149498955-64f6607f40552-29b1fe52-6e8d44b7","metadata":{"@type":"type.googleapis.com/google.cloud.functions.v2.OperationMetadata","createTime":"2026-04-14T06:51:39.890321274Z","target":"projects/quinielaapp-d8fed/locations/us-central1/functions/api","verb":"update","cancelRequested":false,"apiVersion":"v2","requestResource":{"@type":"type.googleapis.com/google.cloud.functions.v2.Function","name":"projects/quinielaapp-d8fed/locations/us-central1/functions/api","buildConfig":{"runtime":"nodejs22","entryPoint":"api","source":{"storageSource":{"bucket":"gcf-v2-sources-458382293784-us-central1","object":"api/function-source.zip","generation":"1776149499793439"}},"environmentVariables":{"GOOGLE_NODE_RUN_SCRIPTS":""},"dockerRepository":"projects/quinielaapp-d8fed/locations/us-central1/repositories/gcf-artifacts","sourceProvenance":{"resolvedStorageSource":{"bucket":"gcf-v2-sources-458382293784-us-central1","object":"api/function-source.zip","generation":"1775638139549391"}},"dockerRegistry":"ARTIFACT_REGISTRY","serviceAccount":"projects/quinielaapp-d8fed/serviceAccounts/458382293784-compute@developer.gserviceaccount.com","automaticUpdatePolicy":{}},"serviceConfig":{"service":"projects/quinielaapp-d8fed/locations/us-central1/services/api","timeoutSeconds":60,"environmentVariables":{"JWT_SECRET":"CHANGE_ME_TO_A_SECURE_RANDOM_STRING","ADMIN_PASSWORD":"nzxtfirebase","ADMIN_EMAIL":"cristian.lonadev@gmail.com","FIREBASE_CONFIG":"{\"projectId\":\"quinielaapp-d8fed\",\"storageBucket\":\"quinielaapp-d8fed.firebasestorage.app\"}","GCLOUD_PROJECT":"quinielaapp-d8fed","EVENTARC_CLOUD_EVENT_SOURCE":"projects/quinielaapp-d8fed/locations/us-central1/services/api","FUNCTION_TARGET":"api","LOG_EXECUTION_ID":"true"},"maxInstanceCount":10,"ingressSettings":"ALLOW_ALL","uri":"https://api-uijrxsv2na-uc.a.run.app","serviceAccountEmail":"458382293784-compute@developer.gserviceaccount.com","availableMemory":"256Mi","allTrafficOnLatestRevision":true,"revision":"api-00012-vel","maxInstanceRequestConcurrency":80,"availableCpu":"1"},"state":"ACTIVE","labels":{"deployment-tool":"cli-firebase","firebase-functions-hash":"21432115bc826ba242a2838af98ff6f2e473478e"},"environment":"GEN_2","url":"https://us-central1-quinielaapp-d8fed.cloudfunctions.net/api","satisfiesPzi":true},"stages":[{"name":"BUILD","message":"Creating build","state":"IN_PROGRESS","resource":"projects/458382293784/locations/us-central1/builds/922e2f9f-b885-4e96-9065-1a1ea809eb55","resourceUri":"https://console.cloud.google.com/cloud-build/builds;region=us-central1/922e2f9f-b885-4e96-9065-1a1ea809eb55?project=458382293784"},{"name":"SERVICE","state":"NOT_STARTED"}],"operationType":"UPDATE_FUNCTION","buildName":"projects/458382293784/locations/us-central1/builds/922e2f9f-b885-4e96-9065-1a1ea809eb55"},"done":false}
[debug] [2026-04-14T06:51:41.366Z] [update-default-us-central1-api] Retrying task index 0
[debug] [2026-04-14T06:51:41.366Z] Checked if tokens are valid: true, expires at: 1776153079811
[debug] [2026-04-14T06:51:41.366Z] Checked if tokens are valid: true, expires at: 1776153079811
[debug] [2026-04-14T06:51:41.366Z] >>> [apiv2][query] GET https://cloudfunctions.googleapis.com/v2/projects/quinielaapp-d8fed/locations/us-central1/operations/operation-1776149498955-64f6607f40552-29b1fe52-6e8d44b7 [none]
[debug] [2026-04-14T06:51:41.497Z] <<< [apiv2][status] GET https://cloudfunctions.googleapis.com/v2/projects/quinielaapp-d8fed/locations/us-central1/operations/operation-1776149498955-64f6607f40552-29b1fe52-6e8d44b7 200
[debug] [2026-04-14T06:51:41.497Z] <<< [apiv2][body] GET https://cloudfunctions.googleapis.com/v2/projects/quinielaapp-d8fed/locations/us-central1/operations/operation-1776149498955-64f6607f40552-29b1fe52-6e8d44b7 {"name":"projects/quinielaapp-d8fed/locations/us-central1/operations/operation-1776149498955-64f6607f40552-29b1fe52-6e8d44b7","metadata":{"@type":"type.googleapis.com/google.cloud.functions.v2.OperationMetadata","createTime":"2026-04-14T06:51:39.890321274Z","target":"projects/quinielaapp-d8fed/locations/us-central1/functions/api","verb":"update","cancelRequested":false,"apiVersion":"v2","requestResource":{"@type":"type.googleapis.com/google.cloud.functions.v2.Function","name":"projects/quinielaapp-d8fed/locations/us-central1/functions/api","buildConfig":{"runtime":"nodejs22","entryPoint":"api","source":{"storageSource":{"bucket":"gcf-v2-sources-458382293784-us-central1","object":"api/function-source.zip","generation":"1776149499793439"}},"environmentVariables":{"GOOGLE_NODE_RUN_SCRIPTS":""},"dockerRepository":"projects/quinielaapp-d8fed/locations/us-central1/repositories/gcf-artifacts","sourceProvenance":{"resolvedStorageSource":{"bucket":"gcf-v2-sources-458382293784-us-central1","object":"api/function-source.zip","generation":"1775638139549391"}},"dockerRegistry":"ARTIFACT_REGISTRY","serviceAccount":"projects/quinielaapp-d8fed/serviceAccounts/458382293784-compute@developer.gserviceaccount.com","automaticUpdatePolicy":{}},"serviceConfig":{"service":"projects/quinielaapp-d8fed/locations/us-central1/services/api","timeoutSeconds":60,"environmentVariables":{"JWT_SECRET":"CHANGE_ME_TO_A_SECURE_RANDOM_STRING","ADMIN_PASSWORD":"nzxtfirebase","ADMIN_EMAIL":"cristian.lonadev@gmail.com","FIREBASE_CONFIG":"{\"projectId\":\"quinielaapp-d8fed\",\"storageBucket\":\"quinielaapp-d8fed.firebasestorage.app\"}","GCLOUD_PROJECT":"quinielaapp-d8fed","EVENTARC_CLOUD_EVENT_SOURCE":"projects/quinielaapp-d8fed/locations/us-central1/services/api","FUNCTION_TARGET":"api","LOG_EXECUTION_ID":"true"},"maxInstanceCount":10,"ingressSettings":"ALLOW_ALL","uri":"https://api-uijrxsv2na-uc.a.run.app","serviceAccountEmail":"458382293784-compute@developer.gserviceaccount.com","availableMemory":"256Mi","allTrafficOnLatestRevision":true,"revision":"api-00012-vel","maxInstanceRequestConcurrency":80,"availableCpu":"1"},"state":"ACTIVE","labels":{"deployment-tool":"cli-firebase","firebase-functions-hash":"21432115bc826ba242a2838af98ff6f2e473478e"},"environment":"GEN_2","url":"https://us-central1-quinielaapp-d8fed.cloudfunctions.net/api","satisfiesPzi":true},"stages":[{"name":"BUILD","message":"Build in progress","state":"IN_PROGRESS","resource":"projects/458382293784/locations/us-central1/builds/922e2f9f-b885-4e96-9065-1a1ea809eb55","resourceUri":"https://console.cloud.google.com/cloud-build/builds;region=us-central1/922e2f9f-b885-4e96-9065-1a1ea809eb55?project=458382293784"},{"name":"SERVICE","state":"NOT_STARTED"}],"operationType":"UPDATE_FUNCTION","buildName":"projects/458382293784/locations/us-central1/builds/922e2f9f-b885-4e96-9065-1a1ea809eb55"},"done":false}
[debug] [2026-04-14T06:51:43.504Z] [update-default-us-central1-api] Retrying task index 0
[debug] [2026-04-14T06:51:43.504Z] Checked if tokens are valid: true, expires at: 1776153079811
[debug] [2026-04-14T06:51:43.504Z] Checked if tokens are valid: true, expires at: 1776153079811
[debug] [2026-04-14T06:51:43.504Z] >>> [apiv2][query] GET https://cloudfunctions.googleapis.com/v2/projects/quinielaapp-d8fed/locations/us-central1/operations/operation-1776149498955-64f6607f40552-29b1fe52-6e8d44b7 [none]
[debug] [2026-04-14T06:51:43.645Z] <<< [apiv2][status] GET https://cloudfunctions.googleapis.com/v2/projects/quinielaapp-d8fed/locations/us-central1/operations/operation-1776149498955-64f6607f40552-29b1fe52-6e8d44b7 200
[debug] [2026-04-14T06:51:43.645Z] <<< [apiv2][body] GET https://cloudfunctions.googleapis.com/v2/projects/quinielaapp-d8fed/locations/us-central1/operations/operation-1776149498955-64f6607f40552-29b1fe52-6e8d44b7 {"name":"projects/quinielaapp-d8fed/locations/us-central1/operations/operation-1776149498955-64f6607f40552-29b1fe52-6e8d44b7","metadata":{"@type":"type.googleapis.com/google.cloud.functions.v2.OperationMetadata","createTime":"2026-04-14T06:51:39.890321274Z","target":"projects/quinielaapp-d8fed/locations/us-central1/functions/api","verb":"update","cancelRequested":false,"apiVersion":"v2","requestResource":{"@type":"type.googleapis.com/google.cloud.functions.v2.Function","name":"projects/quinielaapp-d8fed/locations/us-central1/functions/api","buildConfig":{"runtime":"nodejs22","entryPoint":"api","source":{"storageSource":{"bucket":"gcf-v2-sources-458382293784-us-central1","object":"api/function-source.zip","generation":"1776149499793439"}},"environmentVariables":{"GOOGLE_NODE_RUN_SCRIPTS":""},"dockerRepository":"projects/quinielaapp-d8fed/locations/us-central1/repositories/gcf-artifacts","sourceProvenance":{"resolvedStorageSource":{"bucket":"gcf-v2-sources-458382293784-us-central1","object":"api/function-source.zip","generation":"1775638139549391"}},"dockerRegistry":"ARTIFACT_REGISTRY","serviceAccount":"projects/quinielaapp-d8fed/serviceAccounts/458382293784-compute@developer.gserviceaccount.com","automaticUpdatePolicy":{}},"serviceConfig":{"service":"projects/quinielaapp-d8fed/locations/us-central1/services/api","timeoutSeconds":60,"environmentVariables":{"JWT_SECRET":"CHANGE_ME_TO_A_SECURE_RANDOM_STRING","ADMIN_PASSWORD":"nzxtfirebase","ADMIN_EMAIL":"cristian.lonadev@gmail.com","FIREBASE_CONFIG":"{\"projectId\":\"quinielaapp-d8fed\",\"storageBucket\":\"quinielaapp-d8fed.firebasestorage.app\"}","GCLOUD_PROJECT":"quinielaapp-d8fed","EVENTARC_CLOUD_EVENT_SOURCE":"projects/quinielaapp-d8fed/locations/us-central1/services/api","FUNCTION_TARGET":"api","LOG_EXECUTION_ID":"true"},"maxInstanceCount":10,"ingressSettings":"ALLOW_ALL","uri":"https://api-uijrxsv2na-uc.a.run.app","serviceAccountEmail":"458382293784-compute@developer.gserviceaccount.com","availableMemory":"256Mi","allTrafficOnLatestRevision":true,"revision":"api-00012-vel","maxInstanceRequestConcurrency":80,"availableCpu":"1"},"state":"ACTIVE","labels":{"deployment-tool":"cli-firebase","firebase-functions-hash":"21432115bc826ba242a2838af98ff6f2e473478e"},"environment":"GEN_2","url":"https://us-central1-quinielaapp-d8fed.cloudfunctions.net/api","satisfiesPzi":true},"stages":[{"name":"BUILD","message":"Build in progress","state":"IN_PROGRESS","resource":"projects/458382293784/locations/us-central1/builds/922e2f9f-b885-4e96-9065-1a1ea809eb55","resourceUri":"https://console.cloud.google.com/cloud-build/builds;region=us-central1/922e2f9f-b885-4e96-9065-1a1ea809eb55?project=458382293784"},{"name":"SERVICE","state":"NOT_STARTED"}],"operationType":"UPDATE_FUNCTION","buildName":"projects/458382293784/locations/us-central1/builds/922e2f9f-b885-4e96-9065-1a1ea809eb55"},"done":false}
[debug] [2026-04-14T06:51:47.654Z] [update-default-us-central1-api] Retrying task index 0
[debug] [2026-04-14T06:51:47.654Z] Checked if tokens are valid: true, expires at: 1776153079811
[debug] [2026-04-14T06:51:47.654Z] Checked if tokens are valid: true, expires at: 1776153079811
[debug] [2026-04-14T06:51:47.654Z] >>> [apiv2][query] GET https://cloudfunctions.googleapis.com/v2/projects/quinielaapp-d8fed/locations/us-central1/operations/operation-1776149498955-64f6607f40552-29b1fe52-6e8d44b7 [none]
[debug] [2026-04-14T06:51:47.789Z] <<< [apiv2][status] GET https://cloudfunctions.googleapis.com/v2/projects/quinielaapp-d8fed/locations/us-central1/operations/operation-1776149498955-64f6607f40552-29b1fe52-6e8d44b7 200
[debug] [2026-04-14T06:51:47.789Z] <<< [apiv2][body] GET https://cloudfunctions.googleapis.com/v2/projects/quinielaapp-d8fed/locations/us-central1/operations/operation-1776149498955-64f6607f40552-29b1fe52-6e8d44b7 {"name":"projects/quinielaapp-d8fed/locations/us-central1/operations/operation-1776149498955-64f6607f40552-29b1fe52-6e8d44b7","metadata":{"@type":"type.googleapis.com/google.cloud.functions.v2.OperationMetadata","createTime":"2026-04-14T06:51:39.890321274Z","target":"projects/quinielaapp-d8fed/locations/us-central1/functions/api","verb":"update","cancelRequested":false,"apiVersion":"v2","requestResource":{"@type":"type.googleapis.com/google.cloud.functions.v2.Function","name":"projects/quinielaapp-d8fed/locations/us-central1/functions/api","buildConfig":{"runtime":"nodejs22","entryPoint":"api","source":{"storageSource":{"bucket":"gcf-v2-sources-458382293784-us-central1","object":"api/function-source.zip","generation":"1776149499793439"}},"environmentVariables":{"GOOGLE_NODE_RUN_SCRIPTS":""},"dockerRepository":"projects/quinielaapp-d8fed/locations/us-central1/repositories/gcf-artifacts","sourceProvenance":{"resolvedStorageSource":{"bucket":"gcf-v2-sources-458382293784-us-central1","object":"api/function-source.zip","generation":"1775638139549391"}},"dockerRegistry":"ARTIFACT_REGISTRY","serviceAccount":"projects/quinielaapp-d8fed/serviceAccounts/458382293784-compute@developer.gserviceaccount.com","automaticUpdatePolicy":{}},"serviceConfig":{"service":"projects/quinielaapp-d8fed/locations/us-central1/services/api","timeoutSeconds":60,"environmentVariables":{"JWT_SECRET":"CHANGE_ME_TO_A_SECURE_RANDOM_STRING","ADMIN_PASSWORD":"nzxtfirebase","ADMIN_EMAIL":"cristian.lonadev@gmail.com","FIREBASE_CONFIG":"{\"projectId\":\"quinielaapp-d8fed\",\"storageBucket\":\"quinielaapp-d8fed.firebasestorage.app\"}","GCLOUD_PROJECT":"quinielaapp-d8fed","EVENTARC_CLOUD_EVENT_SOURCE":"projects/quinielaapp-d8fed/locations/us-central1/services/api","FUNCTION_TARGET":"api","LOG_EXECUTION_ID":"true"},"maxInstanceCount":10,"ingressSettings":"ALLOW_ALL","uri":"https://api-uijrxsv2na-uc.a.run.app","serviceAccountEmail":"458382293784-compute@developer.gserviceaccount.com","availableMemory":"256Mi","allTrafficOnLatestRevision":true,"revision":"api-00012-vel","maxInstanceRequestConcurrency":80,"availableCpu":"1"},"state":"ACTIVE","labels":{"deployment-tool":"cli-firebase","firebase-functions-hash":"21432115bc826ba242a2838af98ff6f2e473478e"},"environment":"GEN_2","url":"https://us-central1-quinielaapp-d8fed.cloudfunctions.net/api","satisfiesPzi":true},"stages":[{"name":"BUILD","message":"Build in progress","state":"IN_PROGRESS","resource":"projects/458382293784/locations/us-central1/builds/922e2f9f-b885-4e96-9065-1a1ea809eb55","resourceUri":"https://console.cloud.google.com/cloud-build/builds;region=us-central1/922e2f9f-b885-4e96-9065-1a1ea809eb55?project=458382293784"},{"name":"SERVICE","state":"NOT_STARTED"}],"operationType":"UPDATE_FUNCTION","buildName":"projects/458382293784/locations/us-central1/builds/922e2f9f-b885-4e96-9065-1a1ea809eb55"},"done":false}
